<?xml version="1.0" encoding="UTF-8"?>
<!-- Generated by org.testng.reporters.JUnitReportReporter -->
<testsuite name="com.pacom.gmsweb.tests.LoginPageTest" tests="2" time="1.424" ignored="4" failures="0" timestamp="01 Feb 2018 01:53:18 GMT" skipped="0" hostname="VBOXWIN7" errors="0">
  <testcase name="verifyGmsVersion" time="0.120" classname="com.pacom.gmsweb.tests.LoginPageTest"/>
  <testcase name="verifyLoginSuccessful" time="1.304" classname="com.pacom.gmsweb.tests.LoginPageTest"/>
  <testcase name="verifyIncorrectLogin" classname="com.pacom.gmsweb.tests.LoginPageTest">
    <skipped/>
  </testcase> <!-- verifyIncorrectLogin -->
  <testcase name="verifyIncorrectLogin" classname="com.pacom.gmsweb.tests.LoginPageTest">
    <skipped/>
  </testcase> <!-- verifyIncorrectLogin -->
  <testcase name="verifyLoginSuccessful" classname="com.pacom.gmsweb.tests.LoginPageTest">
    <skipped/>
  </testcase> <!-- verifyLoginSuccessful -->
  <testcase name="verifyGmsVersion" classname="com.pacom.gmsweb.tests.LoginPageTest">
    <skipped/>
  </testcase> <!-- verifyGmsVersion -->
</testsuite> <!-- com.pacom.gmsweb.tests.LoginPageTest -->
